[22:57:07] [ServerMain/INFO]: [bootstrap] Running Java 25 (OpenJDK 64-Bit Server VM 25.0.2+10-LTS; Eclipse Adoptium Temurin-25.0.2+10) on Linux 6.12.76-linuxkit (aarch64)
[22:57:07] [ServerMain/INFO]: [bootstrap] Loading Paper 1.21-130-master@b1b5d4c (2024-08-10T10:02:42Z) for Minecraft 1.21
[22:57:07] [ServerMain/INFO]: [PluginInitializerManager] Initializing plugins...
[22:57:07] [Paper Plugin Remapper Thread - 2/INFO]: [PluginRemapper] Remapping plugin 'plugins/AuthMe.jar'...
[22:57:08] [Paper Plugin Remapper Thread - 2/INFO]: [PluginRemapper] Done remapping plugin 'plugins/AuthMe.jar' in 1081ms.
[22:57:08] [ServerMain/INFO]: [PluginInitializerManager] Initialized 3 plugins
[22:57:08] [ServerMain/INFO]: [PluginInitializerManager] Bukkit plugins (3):
 - AuthMe (5.6.0-beta2-b2453), OldCombatMechanics (2.4.0), ThrowableFireballs (1.9.6)
[22:57:10] [ServerMain/INFO]: Environment: Environment[sessionHost=https://sessionserver.mojang.com, servicesHost=https://api.minecraftservices.com, name=PROD]
[22:57:11] [ServerMain/INFO]: Loaded 1290 recipes
[22:57:11] [ServerMain/INFO]: Loaded 1399 advancements
[22:57:11] [Server thread/INFO]: Starting minecraft server version 1.21
[22:57:11] [Server thread/INFO]: Loading properties
[22:57:11] [Server thread/INFO]: This server is running Paper version 1.21-130-master@b1b5d4c (2024-08-10T10:02:42Z) (Implementing API version 1.21-R0.1-SNAPSHOT)
[22:57:11] [Server thread/INFO]: [spark] This server bundles the spark profiler. For more information please visit https://docs.papermc.io/paper/profiling
[22:57:11] [Server thread/INFO]: Server Ping Player Sample Count: 12
[22:57:11] [Server thread/INFO]: Using 4 threads for Netty based IO
[22:57:11] [Server thread/INFO]: [ChunkTaskScheduler] Chunk system is using 1 I/O threads, 3 worker threads, and population gen parallelism of 3 threads
[22:57:11] [Server thread/INFO]: Default game type: SURVIVAL
[22:57:11] [Server thread/INFO]: Generating keypair
[22:57:11] [Server thread/INFO]: Starting Minecraft server on *:25565
[22:57:11] [Server thread/INFO]: Using epoll channel type
[22:57:11] [Server thread/INFO]: Paper: Using libdeflate (Linux aarch64) compression from Velocity.
[22:57:11] [Server thread/INFO]: Paper: Using OpenSSL (Linux aarch64) cipher from Velocity.
[22:57:12] [Server thread/INFO]: [ThrowableFireballs] Loading server plugin ThrowableFireballs v1.9.6
[22:57:12] [Server thread/INFO]: [OldCombatMechanics] Loading server plugin OldCombatMechanics v2.4.0
[22:57:13] [Server thread/INFO]: [AuthMe] Loading server plugin AuthMe v5.6.0-beta2-b2453
[22:57:13] [Server thread/INFO]: Server permissions file permissions.yml is empty, ignoring it
[22:57:13] [Server thread/WARN]: **** SERVER IS RUNNING IN OFFLINE/INSECURE MODE!
[22:57:13] [Server thread/WARN]: The server will make no attempt to authenticate usernames. Beware.
[22:57:13] [Server thread/WARN]: Whilst this makes it possible to use BungeeCord, unless access to your server is properly restricted, it also opens up the ability for hackers to connect with any username they choose.
[22:57:13] [Server thread/WARN]: Please see http://www.spigotmc.org/wiki/firewall-guide/ for further information.
[22:57:13] [Server thread/WARN]: To change this, set "online-mode" to "true" in the server.properties file.
[22:57:13] [Server thread/INFO]: Preparing level "world"
[22:57:14] [Server thread/INFO]: Preparing start region for dimension minecraft:overworld
[22:57:14] [Server thread/INFO]: Time elapsed: 345 ms
[22:57:14] [Server thread/INFO]: Preparing start region for dimension minecraft:the_nether
[22:57:14] [Server thread/INFO]: Time elapsed: 71 ms
[22:57:14] [Server thread/INFO]: Preparing start region for dimension minecraft:the_end
[22:57:14] [Server thread/INFO]: Time elapsed: 32 ms
[22:57:14] [Server thread/INFO]: [ThrowableFireballs] Enabling ThrowableFireballs v1.9.6
[22:57:14] [Server thread/INFO]: [ThrowableFireballs] Fireball Recipe has been updated!
[22:57:14] [Server thread/INFO]: [ThrowableFireballs]  
[22:57:14] [Server thread/INFO]: [ThrowableFireballs] ThrowableFireballs v1.9.6
[22:57:14] [Server thread/INFO]: [ThrowableFireballs]   by FlailoftheLord
[22:57:14] [Server thread/INFO]: [ThrowableFireballs]  NANI KORE~!?!?
[22:57:14] [Server thread/INFO]: [ThrowableFireballs]  
[22:57:14] [Server thread/INFO]: [OldCombatMechanics] Enabling OldCombatMechanics v2.4.0
[22:57:14] [packetevents-update-check-thread/INFO]: [packetevents] Checking for updates, please wait...
[22:57:14] [Server thread/INFO]: [OldCombatMechanics] OldCombatMechanics v2.4.0 has been enabled
[22:57:14] [Server thread/INFO]: [AuthMe] Enabling AuthMe v5.6.0-beta2-b2453
[22:57:15] [packetevents-update-check-thread/INFO]: [packetevents] There is an update available for PacketEvents! Your build: (2.11.2) | Latest release: (2.12.0)
[22:57:15] [Server thread/INFO]: [AuthMe] Created column 'regdate' and set the current timestamp, 1776553035138, to all 0 rows
[22:57:15] [Server thread/INFO]: [AuthMe] SQLite Setup finished
[22:57:15] [Server thread/INFO]: [AuthMe] No supported permissions system found! Permissions are disabled!
[22:57:15] [Server thread/WARN]: [AuthMe] WARNING! The protectInventory feature requires ProtocolLib! Disabling it...
[22:57:15] [Server thread/WARN]: [AuthMe] Note: Hooks.bungeecord is set to false but your server appears to be running in bungeecord mode (see your spigot.yml). In order to allow the datasource caching and the AuthMeBungee add-on to work properly you have to enable this option!
[22:57:15] [Server thread/INFO]: [AuthMe] AuthMe 5.6.0-beta2 build n.2453 successfully enabled!
[22:57:15] [Server thread/INFO]: [spark] The spark profiler will not be enabled because it is currently disabled in the configuration.
[22:57:15] [Server thread/INFO]: Done preparing level "world" (1.554s)
[22:57:15] [Server thread/INFO]: Starting remote control listener
[22:57:15] [Server thread/INFO]: Thread RCON Listener started
[22:57:15] [Server thread/INFO]: RCON running on 0.0.0.0:25575
[22:57:15] [Server thread/INFO]: Running delayed init tasks
[22:57:15] [Server thread/INFO]: Done (8.342s)! For help, type "help"
[22:57:15] [Craft Scheduler Thread - 2 - AuthMe/INFO]: [AuthMe] Downloading GEO IP database, because the old database is older than 30 days or doesn't exist
[22:57:15] [Craft Scheduler Thread - 2 - AuthMe/WARN]: [AuthMe] No MaxMind credentials found in the configuration file! GeoIp protections will be disabled.
[22:57:15] [Craft Scheduler Thread - 2 - AuthMe/INFO]: [AuthMe] There is no newer GEO IP database uploaded to MaxMind. Using the old one for now.
[22:57:15] [Server thread/INFO]: Timings Reset
[22:57:15] [Craft Scheduler Thread - 2 - AuthMe/WARN]: [AuthMe] Could not download GeoLiteAPI database [FileNotFoundException]: plugins/AuthMe/GeoLite2-Country.mmdb (No such file or directory)
